;  LST file generated by mikroListExporter - v.2.0 
; Date/Time: 29/04/2022 10:47:50
;----------------------------------------------

;Address Opcode 	ASM
0x0000	0xF000EF0E  	GOTO        28
0x0004	0x0000      	NOP
0x0006	0x0000      	NOP
0x0008	0xF000EF00  	GOTO        0
0x000C	0x0000      	NOP
0x000E	0x0000      	NOP
0x0010	0x0000      	NOP
0x0012	0x0000      	NOP
0x0014	0x0000      	NOP
0x0016	0x0000      	NOP
0x0018	0xD7F3      	BRA         0
_main:
;SENAI_SDMI.c,12 :: 		void main(){
;SENAI_SDMI.c,13 :: 		int motorOn = 0;
0x001C	0x6A15      	CLRF        main_motorOn_L0 
0x001E	0x6A16      	CLRF        main_motorOn_L0+1 
;SENAI_SDMI.c,14 :: 		ADCON1 = 0b00001111;
0x0020	0x0E0F      	MOVLW       15
0x0022	0x6EC1      	MOVWF       ADCON1 
;SENAI_SDMI.c,15 :: 		TRISB = 0b11111111;
0x0024	0x0EFF      	MOVLW       255
0x0026	0x6E93      	MOVWF       TRISB 
;SENAI_SDMI.c,16 :: 		TRISD = 0b00000000;
0x0028	0x6A95      	CLRF        TRISD 
;SENAI_SDMI.c,18 :: 		ENA = 1;
0x002A	0x8483      	BSF         PORTD, 2 
;SENAI_SDMI.c,20 :: 		while(1){
L_main0:
;SENAI_SDMI.c,22 :: 		IN1 = (button0 || IN1) && ~button2;
0x002C	0xB081      	BTFSC       PORTB, 0 
0x002E	0xD003      	BRA         L__main18
0x0030	0xB083      	BTFSC       PORTD, 0 
0x0032	0xD001      	BRA         L__main18
0x0034	0xD009      	BRA         L_main5
L__main18:
0x0036	0xB481      	BTFSC       PORTB, 2 
0x0038	0xD002      	BRA         L__main20
0x003A	0x80D8      	BSF         STATUS, 0 
0x003C	0xD001      	BRA         L__main21
L__main20:
0x003E	0x90D8      	BCF         STATUS, 0 
L__main21:
0x0040	0xE303      	BNC         L_main5
0x0042	0x0E01      	MOVLW       1
0x0044	0x6E00      	MOVWF       R0 
0x0046	0xD001      	BRA         L_main4
L_main5:
0x0048	0x6A00      	CLRF        R0 
L_main4:
0x004A	0xB000      	BTFSC       R0, 0 
0x004C	0xD002      	BRA         L__main22
0x004E	0x9083      	BCF         PORTD, 0 
0x0050	0xD001      	BRA         L__main23
L__main22:
0x0052	0x8083      	BSF         PORTD, 0 
L__main23:
;SENAI_SDMI.c,23 :: 		IN2 = (button1 || IN2) && ~button2;
0x0054	0xB281      	BTFSC       PORTB, 1 
0x0056	0xD003      	BRA         L__main17
0x0058	0xB283      	BTFSC       PORTD, 1 
0x005A	0xD001      	BRA         L__main17
0x005C	0xD009      	BRA         L_main9
L__main17:
0x005E	0xB481      	BTFSC       PORTB, 2 
0x0060	0xD002      	BRA         L__main24
0x0062	0x80D8      	BSF         STATUS, 0 
0x0064	0xD001      	BRA         L__main25
L__main24:
0x0066	0x90D8      	BCF         STATUS, 0 
L__main25:
0x0068	0xE303      	BNC         L_main9
0x006A	0x0E01      	MOVLW       1
0x006C	0x6E00      	MOVWF       R0 
0x006E	0xD001      	BRA         L_main8
L_main9:
0x0070	0x6A00      	CLRF        R0 
L_main8:
0x0072	0xB000      	BTFSC       R0, 0 
0x0074	0xD002      	BRA         L__main26
0x0076	0x9283      	BCF         PORTD, 1 
0x0078	0xD001      	BRA         L__main27
L__main26:
0x007A	0x8283      	BSF         PORTD, 1 
L__main27:
;SENAI_SDMI.c,25 :: 		motorOn = IN1 || IN2;
0x007C	0xB083      	BTFSC       PORTD, 0 
0x007E	0xD004      	BRA         L_main11
0x0080	0xB283      	BTFSC       PORTD, 1 
0x0082	0xD002      	BRA         L_main11
0x0084	0x6A00      	CLRF        R0 
0x0086	0xD002      	BRA         L_main10
L_main11:
0x0088	0x0E01      	MOVLW       1
0x008A	0x6E00      	MOVWF       R0 
L_main10:
0x008C	0xF015C000  	MOVFF       R0, main_motorOn_L0
0x0090	0x0E00      	MOVLW       0
0x0092	0x6E16      	MOVWF       main_motorOn_L0+1 
;SENAI_SDMI.c,27 :: 		if(button2 && motorOn == 1){
0x0094	0xA481      	BTFSS       PORTB, 2 
0x0096	0xD018      	BRA         L_main14
0x0098	0x0E00      	MOVLW       0
0x009A	0x1816      	XORWF       main_motorOn_L0+1, 0 
0x009C	0xE102      	BNZ         L__main28
0x009E	0x0E01      	MOVLW       1
0x00A0	0x1815      	XORWF       main_motorOn_L0, 0 
L__main28:
0x00A2	0xE112      	BNZ         L_main14
L__main16:
;SENAI_SDMI.c,28 :: 		IN1 = ~IN1;
0x00A4	0x7083      	BTG         PORTD, 0 
;SENAI_SDMI.c,29 :: 		IN2 = ~IN2;
0x00A6	0x7283      	BTG         PORTD, 1 
;SENAI_SDMI.c,30 :: 		delay_ms(1000);
0x00A8	0x0E06      	MOVLW       6
0x00AA	0x6E0B      	MOVWF       R11, 0
0x00AC	0x0E13      	MOVLW       19
0x00AE	0x6E0C      	MOVWF       R12, 0
0x00B0	0x0EAD      	MOVLW       173
0x00B2	0x6E0D      	MOVWF       R13, 0
L_main15:
0x00B4	0x2E0D      	DECFSZ      R13, 1, 0
0x00B6	0xD7FE      	BRA         L_main15
0x00B8	0x2E0C      	DECFSZ      R12, 1, 0
0x00BA	0xD7FC      	BRA         L_main15
0x00BC	0x2E0B      	DECFSZ      R11, 1, 0
0x00BE	0xD7FA      	BRA         L_main15
0x00C0	0x0000      	NOP
0x00C2	0x0000      	NOP
;SENAI_SDMI.c,31 :: 		IN1 = 0;
0x00C4	0x9083      	BCF         PORTD, 0 
;SENAI_SDMI.c,32 :: 		IN2 = 0;
0x00C6	0x9283      	BCF         PORTD, 1 
;SENAI_SDMI.c,33 :: 		}
L_main14:
;SENAI_SDMI.c,34 :: 		}
0x00C8	0xD7B1      	BRA         L_main0
;SENAI_SDMI.c,35 :: 		}
L_end_main:
0x00CA	0xD7FF      	BRA         $+0
; end of _main
Symbol List:
//** Routines locations **
//ADDRESS    SIZE    PROCEDURE
//----------------------------------------------
0x001C     [176]    _main
//** Variables locations ** 
//ADDRESS    SIZE    VARIABLE
//----------------------------------------------
0x0000       [1]    R0
0x0001       [1]    R1
0x0002       [1]    R2
0x0003       [1]    R3
0x0004       [1]    R4
0x0005       [1]    R5
0x0006       [1]    R6
0x0007       [1]    R7
0x0008       [1]    R8
0x0009       [1]    R9
0x000A       [1]    R10
0x000B       [1]    R11
0x000C       [1]    R12
0x000D       [1]    R13
0x000E       [1]    R14
0x000F       [1]    R15
0x0010       [1]    R16
0x0011       [1]    R17
0x0012       [1]    R18
0x0013       [1]    R19
0x0014       [1]    R20
0x0015       [2]    main_motorOn_L0
0x0F81       [1]    PORTB
0x0F83       [1]    PORTD
0x0F93       [1]    TRISB
0x0F95       [1]    TRISD
0x0FC1       [1]    ADCON1
0x0FD8       [1]    STATUS
0x0FD9       [1]    FSR2L
0x0FDA       [1]    FSR2H
0x0FDE       [1]    POSTINC2
0x0FE0       [1]    BSR
0x0FE1       [1]    FSR1L
0x0FE2       [1]    FSR1H
0x0FE4       [1]    PREINC1
0x0FE6       [1]    POSTINC1
0x0FE7       [1]    INDF1
0x0FE8       [1]    WREG
0x0FE9       [1]    FSR0L
0x0FEA       [1]    FSR0H
0x0FEE       [1]    POSTINC0
0x0FF3       [1]    PRODL
0x0FF4       [1]    PRODH
0x0FF5       [1]    TABLAT
0x0FF6       [1]    TBLPTRL
0x0FF7       [1]    TBLPTRH
0x0FF8       [1]    TBLPTRU
