;  LST file generated by mikroListExporter - v.2.0 
; Date/Time: 29/04/2022 10:25:37
;----------------------------------------------

;Address Opcode 	ASM
0x0000	0xF002EF0B  	GOTO        1046
0x0004	0x0000      	NOP
0x0006	0x0000      	NOP
0x0008	0xF000EF00  	GOTO        0
0x000C	0x0000      	NOP
0x000E	0x0000      	NOP
0x0010	0x0000      	NOP
0x0012	0x0000      	NOP
0x0014	0x0000      	NOP
0x0016	0x0000      	NOP
0x0018	0xD7F3      	BRA         0
_resetDisplays:
;ExstoKit.c,79 :: 		void resetDisplays(){
;ExstoKit.c,80 :: 		display1 = 0;
0x001C	0x9A80      	BCF         PORTA, 5 
;ExstoKit.c,81 :: 		display2 = 0;
0x001E	0x9480      	BCF         PORTA, 2 
;ExstoKit.c,82 :: 		display3 = 0;
0x0020	0x9084      	BCF         PORTE, 0 
;ExstoKit.c,83 :: 		display4 = 0;
0x0022	0x9484      	BCF         PORTE, 2 
;ExstoKit.c,84 :: 		}
L_end_resetDisplays:
0x0024	0x0012      	RETURN      0
; end of _resetDisplays
_setLetter:
;ExstoKit.c,122 :: 		void setLetter(int _display, int _letterIndex){
;ExstoKit.c,123 :: 		switch(_display){
0x0026	0xD009      	BRA         L_setLetter11
;ExstoKit.c,124 :: 		case 1:
L_setLetter13:
;ExstoKit.c,125 :: 		display1 = 1;
0x0028	0x8A80      	BSF         PORTA, 5 
;ExstoKit.c,126 :: 		break;
0x002A	0xD021      	BRA         L_setLetter12
;ExstoKit.c,128 :: 		case 2:
L_setLetter14:
;ExstoKit.c,129 :: 		display2 = 1;
0x002C	0x8480      	BSF         PORTA, 2 
;ExstoKit.c,130 :: 		break;
0x002E	0xD01F      	BRA         L_setLetter12
;ExstoKit.c,132 :: 		case 3:
L_setLetter15:
;ExstoKit.c,133 :: 		display3 = 1;
0x0030	0x8084      	BSF         PORTE, 0 
;ExstoKit.c,134 :: 		break;
0x0032	0xD01D      	BRA         L_setLetter12
;ExstoKit.c,136 :: 		case 4:
L_setLetter16:
;ExstoKit.c,137 :: 		display4 = 1;
0x0034	0x8484      	BSF         PORTE, 2 
;ExstoKit.c,138 :: 		break;
0x0036	0xD01B      	BRA         L_setLetter12
;ExstoKit.c,140 :: 		default:
L_setLetter17:
;ExstoKit.c,141 :: 		return;
0x0038	0xD032      	BRA         L_end_setLetter
;ExstoKit.c,142 :: 		}
L_setLetter11:
0x003A	0x0E00      	MOVLW       0
0x003C	0x0100      	MOVLB       0
0x003E	0x1978      	XORWF       FARG_setLetter__display+1, 0, 1
0x0040	0xE102      	BNZ         L__setLetter37
0x0042	0x0E01      	MOVLW       1
0x0044	0x1977      	XORWF       FARG_setLetter__display, 0, 1
L__setLetter37:
0x0046	0xE0F0      	BZ          L_setLetter13
0x0048	0x0E00      	MOVLW       0
0x004A	0x1978      	XORWF       FARG_setLetter__display+1, 0, 1
0x004C	0xE102      	BNZ         L__setLetter38
0x004E	0x0E02      	MOVLW       2
0x0050	0x1977      	XORWF       FARG_setLetter__display, 0, 1
L__setLetter38:
0x0052	0xE0EC      	BZ          L_setLetter14
0x0054	0x0E00      	MOVLW       0
0x0056	0x1978      	XORWF       FARG_setLetter__display+1, 0, 1
0x0058	0xE102      	BNZ         L__setLetter39
0x005A	0x0E03      	MOVLW       3
0x005C	0x1977      	XORWF       FARG_setLetter__display, 0, 1
L__setLetter39:
0x005E	0xE0E8      	BZ          L_setLetter15
0x0060	0x0E00      	MOVLW       0
0x0062	0x1978      	XORWF       FARG_setLetter__display+1, 0, 1
0x0064	0xE102      	BNZ         L__setLetter40
0x0066	0x0E04      	MOVLW       4
0x0068	0x1977      	XORWF       FARG_setLetter__display, 0, 1
L__setLetter40:
0x006A	0xE0E4      	BZ          L_setLetter16
0x006C	0xD7E5      	BRA         L_setLetter17
L_setLetter12:
;ExstoKit.c,143 :: 		PORTD = letters[_letterIndex];
0x006E	0xF000C079  	MOVFF       FARG_setLetter__letterIndex, R0
0x0072	0xF001C07A  	MOVFF       FARG_setLetter__letterIndex+1, R1
0x0076	0x3600      	RLCF        R0, 1 
0x0078	0x9000      	BCF         R0, 0 
0x007A	0x3601      	RLCF        R1, 1 
0x007C	0x0E15      	MOVLW       _letters
0x007E	0x2400      	ADDWF       R0, 0 
0x0080	0x6EE9      	MOVWF       FSR0L 
0x0082	0x0E00      	MOVLW       hi_addr(_letters)
0x0084	0x2001      	ADDWFC      R1, 0 
0x0086	0x6EEA      	MOVWF       FSR0L+1 
0x0088	0xFF83CFEE  	MOVFF       POSTINC0, PORTD
;ExstoKit.c,144 :: 		delay_ms(1);
0x008C	0x0E07      	MOVLW       7
0x008E	0x6E0C      	MOVWF       R12, 0
0x0090	0x0E7D      	MOVLW       125
0x0092	0x6E0D      	MOVWF       R13, 0
L_setLetter18:
0x0094	0x2E0D      	DECFSZ      R13, 1, 0
0x0096	0xD7FE      	BRA         L_setLetter18
0x0098	0x2E0C      	DECFSZ      R12, 1, 0
0x009A	0xD7FC      	BRA         L_setLetter18
;ExstoKit.c,145 :: 		resetDisplays();
0x009C	0xDFBF      	RCALL       _resetDisplays
;ExstoKit.c,146 :: 		}
L_end_setLetter:
0x009E	0x0012      	RETURN      0
; end of _setLetter
_setWord:
;ExstoKit.c,148 :: 		void setWord(int _letters[4], int _timer){
;ExstoKit.c,149 :: 		int c = 0;
0x00A0	0x0100      	MOVLB       0
0x00A2	0x6B75      	CLRF        setWord_c_L0, 1
0x00A4	0x6B76      	CLRF        setWord_c_L0+1, 1
;ExstoKit.c,150 :: 		for (c; c<=_timer; c++){
L_setWord19:
0x00A6	0x0E80      	MOVLW       128
0x00A8	0x1974      	XORWF       FARG_setWord__timer+1, 0, 1
0x00AA	0x6E00      	MOVWF       R0 
0x00AC	0x0E80      	MOVLW       128
0x00AE	0x1976      	XORWF       setWord_c_L0+1, 0, 1
0x00B0	0x5C00      	SUBWF       R0, 0 
0x00B2	0xE102      	BNZ         L__setWord42
0x00B4	0x5175      	MOVF        setWord_c_L0, 0, 1
0x00B6	0x5D73      	SUBWF       FARG_setWord__timer, 0, 1
L__setWord42:
0x00B8	0xE341      	BNC         L_setWord20
;ExstoKit.c,151 :: 		setLetter(1, _letters[0]);
0x00BA	0x0E01      	MOVLW       1
0x00BC	0x6F77      	MOVWF       FARG_setLetter__display, 1
0x00BE	0x0E00      	MOVLW       0
0x00C0	0x6F78      	MOVWF       FARG_setLetter__display+1, 1
0x00C2	0xFFE9C071  	MOVFF       FARG_setWord__letters, FSR0L
0x00C6	0xFFEAC072  	MOVFF       FARG_setWord__letters+1, FSR0H
0x00CA	0xF079CFEE  	MOVFF       POSTINC0, FARG_setLetter__letterIndex
0x00CE	0xF07ACFEE  	MOVFF       POSTINC0, FARG_setLetter__letterIndex+1
0x00D2	0xDFA9      	RCALL       _setLetter
;ExstoKit.c,152 :: 		setLetter(2, _letters[1]);
0x00D4	0x0E02      	MOVLW       2
0x00D6	0x0100      	MOVLB       0
0x00D8	0x6F77      	MOVWF       FARG_setLetter__display, 1
0x00DA	0x0E00      	MOVLW       0
0x00DC	0x6F78      	MOVWF       FARG_setLetter__display+1, 1
0x00DE	0x0E02      	MOVLW       2
0x00E0	0x2571      	ADDWF       FARG_setWord__letters, 0, 1
0x00E2	0x6EE9      	MOVWF       FSR0L 
0x00E4	0x0E00      	MOVLW       0
0x00E6	0x2172      	ADDWFC      FARG_setWord__letters+1, 0, 1
0x00E8	0x6EEA      	MOVWF       FSR0L+1 
0x00EA	0xF079CFEE  	MOVFF       POSTINC0, FARG_setLetter__letterIndex
0x00EE	0xF07ACFEE  	MOVFF       POSTINC0, FARG_setLetter__letterIndex+1
0x00F2	0xDF99      	RCALL       _setLetter
;ExstoKit.c,153 :: 		setLetter(3, _letters[2]);
0x00F4	0x0E03      	MOVLW       3
0x00F6	0x0100      	MOVLB       0
0x00F8	0x6F77      	MOVWF       FARG_setLetter__display, 1
0x00FA	0x0E00      	MOVLW       0
0x00FC	0x6F78      	MOVWF       FARG_setLetter__display+1, 1
0x00FE	0x0E04      	MOVLW       4
0x0100	0x2571      	ADDWF       FARG_setWord__letters, 0, 1
0x0102	0x6EE9      	MOVWF       FSR0L 
0x0104	0x0E00      	MOVLW       0
0x0106	0x2172      	ADDWFC      FARG_setWord__letters+1, 0, 1
0x0108	0x6EEA      	MOVWF       FSR0L+1 
0x010A	0xF079CFEE  	MOVFF       POSTINC0, FARG_setLetter__letterIndex
0x010E	0xF07ACFEE  	MOVFF       POSTINC0, FARG_setLetter__letterIndex+1
0x0112	0xDF89      	RCALL       _setLetter
;ExstoKit.c,154 :: 		setLetter(4, _letters[3]);
0x0114	0x0E04      	MOVLW       4
0x0116	0x0100      	MOVLB       0
0x0118	0x6F77      	MOVWF       FARG_setLetter__display, 1
0x011A	0x0E00      	MOVLW       0
0x011C	0x6F78      	MOVWF       FARG_setLetter__display+1, 1
0x011E	0x0E06      	MOVLW       6
0x0120	0x2571      	ADDWF       FARG_setWord__letters, 0, 1
0x0122	0x6EE9      	MOVWF       FSR0L 
0x0124	0x0E00      	MOVLW       0
0x0126	0x2172      	ADDWFC      FARG_setWord__letters+1, 0, 1
0x0128	0x6EEA      	MOVWF       FSR0L+1 
0x012A	0xF079CFEE  	MOVFF       POSTINC0, FARG_setLetter__letterIndex
0x012E	0xF07ACFEE  	MOVFF       POSTINC0, FARG_setLetter__letterIndex+1
0x0132	0xDF79      	RCALL       _setLetter
;ExstoKit.c,150 :: 		for (c; c<=_timer; c++){
0x0134	0x0100      	MOVLB       0
0x0136	0x4B75      	INFSNZ      setWord_c_L0, 1, 1
0x0138	0x2B76      	INCF        setWord_c_L0+1, 1, 1
;ExstoKit.c,155 :: 		}
0x013A	0xD7B5      	BRA         L_setWord19
L_setWord20:
;ExstoKit.c,156 :: 		}
L_end_setWord:
0x013C	0x0012      	RETURN      0
; end of _setWord
_slideWord:
;ExstoKit.c,158 :: 		void slideWord(int _letters[8], int _timer){
;ExstoKit.c,162 :: 		for(counter=0; counter<8; counter++){
0x013E	0x0100      	MOVLB       0
0x0140	0x6B6F      	CLRF        slideWord_counter_L0, 1
0x0142	0x6B70      	CLRF        slideWord_counter_L0+1, 1
L_slideWord22:
0x0144	0x0E80      	MOVLW       128
0x0146	0x1970      	XORWF       slideWord_counter_L0+1, 0, 1
0x0148	0x6E00      	MOVWF       R0 
0x014A	0x0E80      	MOVLW       128
0x014C	0x5C00      	SUBWF       R0, 0 
0x014E	0xE102      	BNZ         L__slideWord44
0x0150	0x0E08      	MOVLW       8
0x0152	0x5D6F      	SUBWF       slideWord_counter_L0, 0, 1
L__slideWord44:
0x0154	0xB0D8      	BTFSC       STATUS, 0 
0x0156	0xD145      	BRA         L_slideWord23
;ExstoKit.c,163 :: 		_letters[0] = _letters[counter-7];
0x0158	0x0E07      	MOVLW       7
0x015A	0x5D6F      	SUBWF       slideWord_counter_L0, 0, 1
0x015C	0x6E03      	MOVWF       R3 
0x015E	0x0E00      	MOVLW       0
0x0160	0x5970      	SUBWFB      slideWord_counter_L0+1, 0, 1
0x0162	0x6E04      	MOVWF       R4 
0x0164	0xF000C003  	MOVFF       R3, R0
0x0168	0xF001C004  	MOVFF       R4, R1
0x016C	0x3600      	RLCF        R0, 1 
0x016E	0x9000      	BCF         R0, 0 
0x0170	0x3601      	RLCF        R1, 1 
0x0172	0x505B      	MOVF        FARG_slideWord__letters, 0 
0x0174	0x2600      	ADDWF       R0, 1 
0x0176	0x505C      	MOVF        FARG_slideWord__letters+1, 0 
0x0178	0x2201      	ADDWFC      R1, 1 
0x017A	0xFFE1C05B  	MOVFF       FARG_slideWord__letters, FSR1L
0x017E	0xFFE2C05C  	MOVFF       FARG_slideWord__letters+1, FSR1H
0x0182	0xFFE9C000  	MOVFF       R0, FSR0L
0x0186	0xFFEAC001  	MOVFF       R1, FSR0H
0x018A	0xFFE6CFEE  	MOVFF       POSTINC0, POSTINC1
0x018E	0xFFE6CFEE  	MOVFF       POSTINC0, POSTINC1
;ExstoKit.c,164 :: 		_letters[1] = _letters[counter-6];
0x0192	0x0E02      	MOVLW       2
0x0194	0x245B      	ADDWF       FARG_slideWord__letters, 0 
0x0196	0x6EE1      	MOVWF       FSR1L 
0x0198	0x0E00      	MOVLW       0
0x019A	0x205C      	ADDWFC      FARG_slideWord__letters+1, 0 
0x019C	0x6EE2      	MOVWF       FSR1L+1 
0x019E	0x0E06      	MOVLW       6
0x01A0	0x5D6F      	SUBWF       slideWord_counter_L0, 0, 1
0x01A2	0x6E03      	MOVWF       R3 
0x01A4	0x0E00      	MOVLW       0
0x01A6	0x5970      	SUBWFB      slideWord_counter_L0+1, 0, 1
0x01A8	0x6E04      	MOVWF       R4 
0x01AA	0xF000C003  	MOVFF       R3, R0
0x01AE	0xF001C004  	MOVFF       R4, R1
0x01B2	0x3600      	RLCF        R0, 1 
0x01B4	0x9000      	BCF         R0, 0 
0x01B6	0x3601      	RLCF        R1, 1 
0x01B8	0x5000      	MOVF        R0, 0 
0x01BA	0x245B      	ADDWF       FARG_slideWord__letters, 0 
0x01BC	0x6EE9      	MOVWF       FSR0L 
0x01BE	0x5001      	MOVF        R1, 0 
0x01C0	0x205C      	ADDWFC      FARG_slideWord__letters+1, 0 
0x01C2	0x6EEA      	MOVWF       FSR0L+1 
0x01C4	0xFFE6CFEE  	MOVFF       POSTINC0, POSTINC1
0x01C8	0xFFE6CFEE  	MOVFF       POSTINC0, POSTINC1
;ExstoKit.c,165 :: 		_letters[2] = _letters[counter-5];
0x01CC	0x0E04      	MOVLW       4
0x01CE	0x245B      	ADDWF       FARG_slideWord__letters, 0 
0x01D0	0x6EE1      	MOVWF       FSR1L 
0x01D2	0x0E00      	MOVLW       0
0x01D4	0x205C      	ADDWFC      FARG_slideWord__letters+1, 0 
0x01D6	0x6EE2      	MOVWF       FSR1L+1 
0x01D8	0x0E05      	MOVLW       5
0x01DA	0x5D6F      	SUBWF       slideWord_counter_L0, 0, 1
0x01DC	0x6E03      	MOVWF       R3 
0x01DE	0x0E00      	MOVLW       0
0x01E0	0x5970      	SUBWFB      slideWord_counter_L0+1, 0, 1
0x01E2	0x6E04      	MOVWF       R4 
0x01E4	0xF000C003  	MOVFF       R3, R0
0x01E8	0xF001C004  	MOVFF       R4, R1
0x01EC	0x3600      	RLCF        R0, 1 
0x01EE	0x9000      	BCF         R0, 0 
0x01F0	0x3601      	RLCF        R1, 1 
0x01F2	0x5000      	MOVF        R0, 0 
0x01F4	0x245B      	ADDWF       FARG_slideWord__letters, 0 
0x01F6	0x6EE9      	MOVWF       FSR0L 
0x01F8	0x5001      	MOVF        R1, 0 
0x01FA	0x205C      	ADDWFC      FARG_slideWord__letters+1, 0 
0x01FC	0x6EEA      	MOVWF       FSR0L+1 
0x01FE	0xFFE6CFEE  	MOVFF       POSTINC0, POSTINC1
0x0202	0xFFE6CFEE  	MOVFF       POSTINC0, POSTINC1
;ExstoKit.c,166 :: 		_letters[3] = _letters[counter-4];
0x0206	0x0E06      	MOVLW       6
0x0208	0x245B      	ADDWF       FARG_slideWord__letters, 0 
0x020A	0x6EE1      	MOVWF       FSR1L 
0x020C	0x0E00      	MOVLW       0
0x020E	0x205C      	ADDWFC      FARG_slideWord__letters+1, 0 
0x0210	0x6EE2      	MOVWF       FSR1L+1 
0x0212	0x0E04      	MOVLW       4
0x0214	0x5D6F      	SUBWF       slideWord_counter_L0, 0, 1
0x0216	0x6E03      	MOVWF       R3 
0x0218	0x0E00      	MOVLW       0
0x021A	0x5970      	SUBWFB      slideWord_counter_L0+1, 0, 1
0x021C	0x6E04      	MOVWF       R4 
0x021E	0xF000C003  	MOVFF       R3, R0
0x0222	0xF001C004  	MOVFF       R4, R1
0x0226	0x3600      	RLCF        R0, 1 
0x0228	0x9000      	BCF         R0, 0 
0x022A	0x3601      	RLCF        R1, 1 
0x022C	0x5000      	MOVF        R0, 0 
0x022E	0x245B      	ADDWF       FARG_slideWord__letters, 0 
0x0230	0x6EE9      	MOVWF       FSR0L 
0x0232	0x5001      	MOVF        R1, 0 
0x0234	0x205C      	ADDWFC      FARG_slideWord__letters+1, 0 
0x0236	0x6EEA      	MOVWF       FSR0L+1 
0x0238	0xFFE6CFEE  	MOVFF       POSTINC0, POSTINC1
0x023C	0xFFE6CFEE  	MOVFF       POSTINC0, POSTINC1
;ExstoKit.c,167 :: 		_letters[4] = _letters[counter-3];
0x0240	0x0E08      	MOVLW       8
0x0242	0x245B      	ADDWF       FARG_slideWord__letters, 0 
0x0244	0x6EE1      	MOVWF       FSR1L 
0x0246	0x0E00      	MOVLW       0
0x0248	0x205C      	ADDWFC      FARG_slideWord__letters+1, 0 
0x024A	0x6EE2      	MOVWF       FSR1L+1 
0x024C	0x0E03      	MOVLW       3
0x024E	0x5D6F      	SUBWF       slideWord_counter_L0, 0, 1
0x0250	0x6E03      	MOVWF       R3 
0x0252	0x0E00      	MOVLW       0
0x0254	0x5970      	SUBWFB      slideWord_counter_L0+1, 0, 1
0x0256	0x6E04      	MOVWF       R4 
0x0258	0xF000C003  	MOVFF       R3, R0
0x025C	0xF001C004  	MOVFF       R4, R1
0x0260	0x3600      	RLCF        R0, 1 
0x0262	0x9000      	BCF         R0, 0 
0x0264	0x3601      	RLCF        R1, 1 
0x0266	0x5000      	MOVF        R0, 0 
0x0268	0x245B      	ADDWF       FARG_slideWord__letters, 0 
0x026A	0x6EE9      	MOVWF       FSR0L 
0x026C	0x5001      	MOVF        R1, 0 
0x026E	0x205C      	ADDWFC      FARG_slideWord__letters+1, 0 
0x0270	0x6EEA      	MOVWF       FSR0L+1 
0x0272	0xFFE6CFEE  	MOVFF       POSTINC0, POSTINC1
0x0276	0xFFE6CFEE  	MOVFF       POSTINC0, POSTINC1
;ExstoKit.c,168 :: 		_letters[5] = _letters[counter-2];
0x027A	0x0E0A      	MOVLW       10
0x027C	0x245B      	ADDWF       FARG_slideWord__letters, 0 
0x027E	0x6EE1      	MOVWF       FSR1L 
0x0280	0x0E00      	MOVLW       0
0x0282	0x205C      	ADDWFC      FARG_slideWord__letters+1, 0 
0x0284	0x6EE2      	MOVWF       FSR1L+1 
0x0286	0x0E02      	MOVLW       2
0x0288	0x5D6F      	SUBWF       slideWord_counter_L0, 0, 1
0x028A	0x6E03      	MOVWF       R3 
0x028C	0x0E00      	MOVLW       0
0x028E	0x5970      	SUBWFB      slideWord_counter_L0+1, 0, 1
0x0290	0x6E04      	MOVWF       R4 
0x0292	0xF000C003  	MOVFF       R3, R0
0x0296	0xF001C004  	MOVFF       R4, R1
0x029A	0x3600      	RLCF        R0, 1 
0x029C	0x9000      	BCF         R0, 0 
0x029E	0x3601      	RLCF        R1, 1 
0x02A0	0x5000      	MOVF        R0, 0 
0x02A2	0x245B      	ADDWF       FARG_slideWord__letters, 0 
0x02A4	0x6EE9      	MOVWF       FSR0L 
0x02A6	0x5001      	MOVF        R1, 0 
0x02A8	0x205C      	ADDWFC      FARG_slideWord__letters+1, 0 
0x02AA	0x6EEA      	MOVWF       FSR0L+1 
0x02AC	0xFFE6CFEE  	MOVFF       POSTINC0, POSTINC1
0x02B0	0xFFE6CFEE  	MOVFF       POSTINC0, POSTINC1
;ExstoKit.c,169 :: 		_letters[6] = _letters[counter-1];
0x02B4	0x0E0C      	MOVLW       12
0x02B6	0x245B      	ADDWF       FARG_slideWord__letters, 0 
0x02B8	0x6EE1      	MOVWF       FSR1L 
0x02BA	0x0E00      	MOVLW       0
0x02BC	0x205C      	ADDWFC      FARG_slideWord__letters+1, 0 
0x02BE	0x6EE2      	MOVWF       FSR1L+1 
0x02C0	0x0E01      	MOVLW       1
0x02C2	0x5D6F      	SUBWF       slideWord_counter_L0, 0, 1
0x02C4	0x6E03      	MOVWF       R3 
0x02C6	0x0E00      	MOVLW       0
0x02C8	0x5970      	SUBWFB      slideWord_counter_L0+1, 0, 1
0x02CA	0x6E04      	MOVWF       R4 
0x02CC	0xF000C003  	MOVFF       R3, R0
0x02D0	0xF001C004  	MOVFF       R4, R1
0x02D4	0x3600      	RLCF        R0, 1 
0x02D6	0x9000      	BCF         R0, 0 
0x02D8	0x3601      	RLCF        R1, 1 
0x02DA	0x5000      	MOVF        R0, 0 
0x02DC	0x245B      	ADDWF       FARG_slideWord__letters, 0 
0x02DE	0x6EE9      	MOVWF       FSR0L 
0x02E0	0x5001      	MOVF        R1, 0 
0x02E2	0x205C      	ADDWFC      FARG_slideWord__letters+1, 0 
0x02E4	0x6EEA      	MOVWF       FSR0L+1 
0x02E6	0xFFE6CFEE  	MOVFF       POSTINC0, POSTINC1
0x02EA	0xFFE6CFEE  	MOVFF       POSTINC0, POSTINC1
;ExstoKit.c,170 :: 		_letters[7] = _letters[counter];
0x02EE	0x0E0E      	MOVLW       14
0x02F0	0x245B      	ADDWF       FARG_slideWord__letters, 0 
0x02F2	0x6EE1      	MOVWF       FSR1L 
0x02F4	0x0E00      	MOVLW       0
0x02F6	0x205C      	ADDWFC      FARG_slideWord__letters+1, 0 
0x02F8	0x6EE2      	MOVWF       FSR1L+1 
0x02FA	0xF000C06F  	MOVFF       slideWord_counter_L0, R0
0x02FE	0xF001C070  	MOVFF       slideWord_counter_L0+1, R1
0x0302	0x3600      	RLCF        R0, 1 
0x0304	0x9000      	BCF         R0, 0 
0x0306	0x3601      	RLCF        R1, 1 
0x0308	0x5000      	MOVF        R0, 0 
0x030A	0x245B      	ADDWF       FARG_slideWord__letters, 0 
0x030C	0x6EE9      	MOVWF       FSR0L 
0x030E	0x5001      	MOVF        R1, 0 
0x0310	0x205C      	ADDWFC      FARG_slideWord__letters+1, 0 
0x0312	0x6EEA      	MOVWF       FSR0L+1 
0x0314	0xFFE6CFEE  	MOVFF       POSTINC0, POSTINC1
0x0318	0xFFE6CFEE  	MOVFF       POSTINC0, POSTINC1
;ExstoKit.c,172 :: 		wordOne[0] = _letters[0];
0x031C	0xFFE9C05B  	MOVFF       FARG_slideWord__letters, FSR0L
0x0320	0xFFEAC05C  	MOVFF       FARG_slideWord__letters+1, FSR0H
0x0324	0xF05FCFEE  	MOVFF       POSTINC0, slideWord_wordOne_L0
0x0328	0xF060CFEE  	MOVFF       POSTINC0, slideWord_wordOne_L0+1
;ExstoKit.c,173 :: 		wordOne[1] = _letters[1];
0x032C	0x0E02      	MOVLW       2
0x032E	0x245B      	ADDWF       FARG_slideWord__letters, 0 
0x0330	0x6EE9      	MOVWF       FSR0L 
0x0332	0x0E00      	MOVLW       0
0x0334	0x205C      	ADDWFC      FARG_slideWord__letters+1, 0 
0x0336	0x6EEA      	MOVWF       FSR0L+1 
0x0338	0xF061CFEE  	MOVFF       POSTINC0, slideWord_wordOne_L0+2
0x033C	0xF062CFEE  	MOVFF       POSTINC0, slideWord_wordOne_L0+3
;ExstoKit.c,174 :: 		wordOne[2] = _letters[2];
0x0340	0x0E04      	MOVLW       4
0x0342	0x245B      	ADDWF       FARG_slideWord__letters, 0 
0x0344	0x6EE9      	MOVWF       FSR0L 
0x0346	0x0E00      	MOVLW       0
0x0348	0x205C      	ADDWFC      FARG_slideWord__letters+1, 0 
0x034A	0x6EEA      	MOVWF       FSR0L+1 
0x034C	0xF063CFEE  	MOVFF       POSTINC0, slideWord_wordOne_L0+4
0x0350	0xF064CFEE  	MOVFF       POSTINC0, slideWord_wordOne_L0+5
;ExstoKit.c,175 :: 		wordOne[3] = _letters[3];
0x0354	0x0E06      	MOVLW       6
0x0356	0x245B      	ADDWF       FARG_slideWord__letters, 0 
0x0358	0x6EE9      	MOVWF       FSR0L 
0x035A	0x0E00      	MOVLW       0
0x035C	0x205C      	ADDWFC      FARG_slideWord__letters+1, 0 
0x035E	0x6EEA      	MOVWF       FSR0L+1 
0x0360	0xF065CFEE  	MOVFF       POSTINC0, slideWord_wordOne_L0+6
0x0364	0xF066CFEE  	MOVFF       POSTINC0, slideWord_wordOne_L0+7
;ExstoKit.c,177 :: 		wordTwo[0] = _letters[4];
0x0368	0x0E08      	MOVLW       8
0x036A	0x245B      	ADDWF       FARG_slideWord__letters, 0 
0x036C	0x6EE9      	MOVWF       FSR0L 
0x036E	0x0E00      	MOVLW       0
0x0370	0x205C      	ADDWFC      FARG_slideWord__letters+1, 0 
0x0372	0x6EEA      	MOVWF       FSR0L+1 
0x0374	0xF067CFEE  	MOVFF       POSTINC0, slideWord_wordTwo_L0
0x0378	0xF068CFEE  	MOVFF       POSTINC0, slideWord_wordTwo_L0+1
;ExstoKit.c,178 :: 		wordTwo[1] = _letters[5];
0x037C	0x0E0A      	MOVLW       10
0x037E	0x245B      	ADDWF       FARG_slideWord__letters, 0 
0x0380	0x6EE9      	MOVWF       FSR0L 
0x0382	0x0E00      	MOVLW       0
0x0384	0x205C      	ADDWFC      FARG_slideWord__letters+1, 0 
0x0386	0x6EEA      	MOVWF       FSR0L+1 
0x0388	0xF069CFEE  	MOVFF       POSTINC0, slideWord_wordTwo_L0+2
0x038C	0xF06ACFEE  	MOVFF       POSTINC0, slideWord_wordTwo_L0+3
;ExstoKit.c,179 :: 		wordTwo[2] = _letters[6];
0x0390	0x0E0C      	MOVLW       12
0x0392	0x245B      	ADDWF       FARG_slideWord__letters, 0 
0x0394	0x6EE9      	MOVWF       FSR0L 
0x0396	0x0E00      	MOVLW       0
0x0398	0x205C      	ADDWFC      FARG_slideWord__letters+1, 0 
0x039A	0x6EEA      	MOVWF       FSR0L+1 
0x039C	0xF06BCFEE  	MOVFF       POSTINC0, slideWord_wordTwo_L0+4
0x03A0	0xF06CCFEE  	MOVFF       POSTINC0, slideWord_wordTwo_L0+5
;ExstoKit.c,180 :: 		wordTwo[3] = _letters[7];
0x03A4	0x0E0E      	MOVLW       14
0x03A6	0x245B      	ADDWF       FARG_slideWord__letters, 0 
0x03A8	0x6EE9      	MOVWF       FSR0L 
0x03AA	0x0E00      	MOVLW       0
0x03AC	0x205C      	ADDWFC      FARG_slideWord__letters+1, 0 
0x03AE	0x6EEA      	MOVWF       FSR0L+1 
0x03B0	0xF06DCFEE  	MOVFF       POSTINC0, slideWord_wordTwo_L0+6
0x03B4	0xF06ECFEE  	MOVFF       POSTINC0, slideWord_wordTwo_L0+7
;ExstoKit.c,181 :: 		setWord(wordOne, _timer);
0x03B8	0x0E5F      	MOVLW       slideWord_wordOne_L0
0x03BA	0x6F71      	MOVWF       FARG_setWord__letters, 1
0x03BC	0x0E00      	MOVLW       hi_addr(slideWord_wordOne_L0)
0x03BE	0x6F72      	MOVWF       FARG_setWord__letters+1, 1
0x03C0	0xF073C05D  	MOVFF       FARG_slideWord__timer, FARG_setWord__timer
0x03C4	0xF074C05E  	MOVFF       FARG_slideWord__timer+1, FARG_setWord__timer+1
0x03C8	0xDE6B      	RCALL       _setWord
;ExstoKit.c,182 :: 		setWord(wordTwo, _timer);
0x03CA	0x0E67      	MOVLW       slideWord_wordTwo_L0
0x03CC	0x6F71      	MOVWF       FARG_setWord__letters, 1
0x03CE	0x0E00      	MOVLW       hi_addr(slideWord_wordTwo_L0)
0x03D0	0x6F72      	MOVWF       FARG_setWord__letters+1, 1
0x03D2	0xF073C05D  	MOVFF       FARG_slideWord__timer, FARG_setWord__timer
0x03D6	0xF074C05E  	MOVFF       FARG_slideWord__timer+1, FARG_setWord__timer+1
0x03DA	0xDE62      	RCALL       _setWord
;ExstoKit.c,162 :: 		for(counter=0; counter<8; counter++){
0x03DC	0x4B6F      	INFSNZ      slideWord_counter_L0, 1, 1
0x03DE	0x2B70      	INCF        slideWord_counter_L0+1, 1, 1
;ExstoKit.c,183 :: 		}
0x03E0	0xD6B1      	BRA         L_slideWord22
L_slideWord23:
;ExstoKit.c,184 :: 		}
L_end_slideWord:
0x03E2	0x0012      	RETURN      0
; end of _slideWord
___CC2DW:
;__Lib_System.c,21 :: 		
;__Lib_System.c,23 :: 		
_CC2DL_Loop1:
;__Lib_System.c,24 :: 		
0x03E4	0x0009      	TBLRD*+
;__Lib_System.c,25 :: 		
0x03E6	0xFFE6CFF5  	MOVFF       TABLAT, POSTINC1
;__Lib_System.c,26 :: 		
0x03EA	0x0600      	DECF        R0, 1, 0
;__Lib_System.c,27 :: 		
0x03EC	0xE1FB      	BNZ         _CC2DL_Loop1
;__Lib_System.c,28 :: 		
0x03EE	0x0601      	DECF        R1, 1, 0
;__Lib_System.c,29 :: 		
0x03F0	0xE1F9      	BNZ         _CC2DL_Loop1
;__Lib_System.c,31 :: 		
L_end___CC2DW:
0x03F2	0x0012      	RETURN      0
; end of ___CC2DW
_resetAll:
;ExstoKit.c,60 :: 		void resetAll(){
;ExstoKit.c,61 :: 		display1 = 1;
0x03F4	0x8A80      	BSF         PORTA, 5 
;ExstoKit.c,62 :: 		display2 = 1;
0x03F6	0x8480      	BSF         PORTA, 2 
;ExstoKit.c,63 :: 		display3 = 1;
0x03F8	0x8084      	BSF         PORTE, 0 
;ExstoKit.c,64 :: 		display4 = 1;
0x03FA	0x8484      	BSF         PORTE, 2 
;ExstoKit.c,65 :: 		pinoA = 0;
0x03FC	0x9083      	BCF         PORTD, 0 
;ExstoKit.c,66 :: 		pinoB = 0;
0x03FE	0x9283      	BCF         PORTD, 1 
;ExstoKit.c,67 :: 		pinoC = 0;
0x0400	0x9483      	BCF         PORTD, 2 
;ExstoKit.c,68 :: 		pinoD = 0;
0x0402	0x9683      	BCF         PORTD, 3 
;ExstoKit.c,69 :: 		pinoE = 0;
0x0404	0x9883      	BCF         PORTD, 4 
;ExstoKit.c,70 :: 		pinoF = 0;
0x0406	0x9A83      	BCF         PORTD, 5 
;ExstoKit.c,71 :: 		pinoG = 0;
0x0408	0x9C83      	BCF         PORTD, 6 
;ExstoKit.c,72 :: 		pinoDP = 0;
0x040A	0x9E83      	BCF         PORTD, 7 
;ExstoKit.c,73 :: 		display1 = 0;
0x040C	0x9A80      	BCF         PORTA, 5 
;ExstoKit.c,74 :: 		display2 = 0;
0x040E	0x9480      	BCF         PORTA, 2 
;ExstoKit.c,75 :: 		display3 = 0;
0x0410	0x9084      	BCF         PORTE, 0 
;ExstoKit.c,76 :: 		display4 = 0;
0x0412	0x9484      	BCF         PORTE, 2 
;ExstoKit.c,77 :: 		}
L_end_resetAll:
0x0414	0x0012      	RETURN      0
; end of _resetAll
_main:
0x0416	0xF002EC52  	CALL        1188, 0
;ExstoKit.c,186 :: 		void main() {
;ExstoKit.c,187 :: 		int sexshop[8] = {18, 4, 23, 26, 18, 7, 14, 15};
0x041A	0x0E94      	MOVLW       ?ICSmain_sexshop_L0
0x041C	0x6EF6      	MOVWF       TBLPTRL 
0x041E	0x0E04      	MOVLW       hi_addr(?ICSmain_sexshop_L0)
0x0420	0x6EF7      	MOVWF       TBLPTRL+1 
0x0422	0x0E00      	MOVLW       higher_addr(?ICSmain_sexshop_L0)
0x0424	0x6EF8      	MOVWF       TBLPTRL+2 
0x0426	0x0E4B      	MOVLW       main_sexshop_L0
0x0428	0x6EE1      	MOVWF       FSR1L 
0x042A	0x0E00      	MOVLW       hi_addr(main_sexshop_L0)
0x042C	0x6EE2      	MOVWF       FSR1L+1 
0x042E	0x0E10      	MOVLW       16
0x0430	0x6E00      	MOVWF       R0 
0x0432	0x0E01      	MOVLW       1
0x0434	0x6E01      	MOVWF       R1 
0x0436	0xDFD6      	RCALL       ___CC2DW
;ExstoKit.c,188 :: 		ADCON1 = 0b00001111;
0x0438	0x0E0F      	MOVLW       15
0x043A	0x6EC1      	MOVWF       ADCON1 
;ExstoKit.c,189 :: 		TRISD = 0b00000000;
0x043C	0x6A95      	CLRF        TRISD 
;ExstoKit.c,190 :: 		TRISA.B5 = 0;
0x043E	0x9A92      	BCF         TRISA, 5 
;ExstoKit.c,191 :: 		TRISA.B2 = 0;
0x0440	0x9492      	BCF         TRISA, 2 
;ExstoKit.c,192 :: 		TRISE.B2 = 0;
0x0442	0x9496      	BCF         TRISE, 2 
;ExstoKit.c,193 :: 		TRISE.B0 = 0;
0x0444	0x9096      	BCF         TRISE, 0 
;ExstoKit.c,195 :: 		resetAll();
0x0446	0xDFD6      	RCALL       _resetAll
;ExstoKit.c,197 :: 		while(1){
L_main25:
;ExstoKit.c,198 :: 		slideWord(sexshop, 300);
0x0448	0x0E4B      	MOVLW       main_sexshop_L0
0x044A	0x6E5B      	MOVWF       FARG_slideWord__letters 
0x044C	0x0E00      	MOVLW       hi_addr(main_sexshop_L0)
0x044E	0x6E5C      	MOVWF       FARG_slideWord__letters+1 
0x0450	0x0E2C      	MOVLW       44
0x0452	0x6E5D      	MOVWF       FARG_slideWord__timer 
0x0454	0x0E01      	MOVLW       1
0x0456	0x6E5E      	MOVWF       FARG_slideWord__timer+1 
0x0458	0xDE72      	RCALL       _slideWord
;ExstoKit.c,199 :: 		}
0x045A	0xD7F6      	BRA         L_main25
;ExstoKit.c,203 :: 		}
L_end_main:
0x045C	0xD7FF      	BRA         $+0
; end of _main
0x04A4	0xF015EE10  	LFSR        1, 21
0x04A8	0x0E36      	MOVLW       54
0x04AA	0x6E00      	MOVWF       R0 
0x04AC	0x0E01      	MOVLW       1
0x04AE	0x6E01      	MOVWF       R1 
0x04B0	0x0E5E      	MOVLW       94
0x04B2	0x6EF6      	MOVWF       4086 
0x04B4	0x0E04      	MOVLW       4
0x04B6	0x6EF7      	MOVWF       TBLPTRH 
0x04B8	0x0E00      	MOVLW       0
0x04BA	0x6EF8      	MOVWF       TBLPTRU 
0x04BC	0xF001ECF2  	CALL        996, 0
0x04C0	0x0012      	RETURN      0
;ExstoKit.c,0 :: ?ICS_letters
0x045E	0x0077 ;?ICS_letters+0
0x0460	0x007F ;?ICS_letters+2
0x0462	0x0039 ;?ICS_letters+4
0x0464	0x005E ;?ICS_letters+6
0x0466	0x0079 ;?ICS_letters+8
0x0468	0x0071 ;?ICS_letters+10
0x046A	0x007D ;?ICS_letters+12
0x046C	0x0076 ;?ICS_letters+14
0x046E	0x0006 ;?ICS_letters+16
0x0470	0x001E ;?ICS_letters+18
0x0472	0x0080 ;?ICS_letters+20
0x0474	0x0038 ;?ICS_letters+22
0x0476	0x0080 ;?ICS_letters+24
0x0478	0x0054 ;?ICS_letters+26
0x047A	0x00BF ;?ICS_letters+28
0x047C	0x0073 ;?ICS_letters+30
0x047E	0x0067 ;?ICS_letters+32
0x0480	0x0031 ;?ICS_letters+34
0x0482	0x006D ;?ICS_letters+36
0x0484	0x0078 ;?ICS_letters+38
0x0486	0x003E ;?ICS_letters+40
0x0488	0x00BE ;?ICS_letters+42
0x048A	0x0080 ;?ICS_letters+44
0x048C	0x00F6 ;?ICS_letters+46
0x048E	0x0072 ;?ICS_letters+48
0x0490	0x005B ;?ICS_letters+50
0x0492	0x0000 ;?ICS_letters+52
; end of ?ICS_letters
;ExstoKit.c,0 :: ?ICSmain_sexshop_L0
0x0494	0x0012 ;?ICSmain_sexshop_L0+0
0x0496	0x0004 ;?ICSmain_sexshop_L0+2
0x0498	0x0017 ;?ICSmain_sexshop_L0+4
0x049A	0x001A ;?ICSmain_sexshop_L0+6
0x049C	0x0012 ;?ICSmain_sexshop_L0+8
0x049E	0x0007 ;?ICSmain_sexshop_L0+10
0x04A0	0x000E ;?ICSmain_sexshop_L0+12
0x04A2	0x000F ;?ICSmain_sexshop_L0+14
; end of ?ICSmain_sexshop_L0
Symbol List:
//** Routines locations **
//ADDRESS    SIZE    PROCEDURE
//----------------------------------------------
0x001C      [10]    _resetDisplays
0x0026     [122]    _setLetter
0x00A0     [158]    _setWord
0x013E     [678]    _slideWord
0x03E4      [16]    ___CC2DW
0x03F4      [34]    _resetAll
0x0416      [72]    _main
//** Variables locations ** 
//ADDRESS    SIZE    VARIABLE
//----------------------------------------------
0x0000       [1]    R0
0x0001       [1]    R1
0x0002       [1]    R2
0x0003       [1]    R3
0x0004       [1]    R4
0x0005       [1]    R5
0x0006       [1]    R6
0x0007       [1]    R7
0x0008       [1]    R8
0x0009       [1]    R9
0x000A       [1]    R10
0x000B       [1]    R11
0x000C       [1]    R12
0x000D       [1]    R13
0x000E       [1]    R14
0x000F       [1]    R15
0x0010       [1]    R16
0x0011       [1]    R17
0x0012       [1]    R18
0x0013       [1]    R19
0x0014       [1]    R20
0x0015      [54]    _letters
0x004B      [16]    main_sexshop_L0
0x005B       [2]    FARG_slideWord__letters
0x005D       [2]    FARG_slideWord__timer
0x005F       [8]    slideWord_wordOne_L0
0x0067       [8]    slideWord_wordTwo_L0
0x006F       [2]    slideWord_counter_L0
0x0071       [2]    FARG_setWord__letters
0x0073       [2]    FARG_setWord__timer
0x0075       [2]    setWord_c_L0
0x0077       [2]    FARG_setLetter__display
0x0079       [2]    FARG_setLetter__letterIndex
0x0F80       [1]    PORTA
0x0F83       [1]    PORTD
0x0F84       [1]    PORTE
0x0F92       [1]    TRISA
0x0F95       [1]    TRISD
0x0F96       [1]    TRISE
0x0FC1       [1]    ADCON1
0x0FD8       [1]    STATUS
0x0FD9       [1]    FSR2L
0x0FDA       [1]    FSR2H
0x0FDE       [1]    POSTINC2
0x0FE0       [1]    BSR
0x0FE1       [1]    FSR1L
0x0FE2       [1]    FSR1H
0x0FE4       [1]    PREINC1
0x0FE6       [1]    POSTINC1
0x0FE7       [1]    INDF1
0x0FE8       [1]    WREG
0x0FE9       [1]    FSR0L
0x0FEA       [1]    FSR0H
0x0FEE       [1]    POSTINC0
0x0FF3       [1]    PRODL
0x0FF4       [1]    PRODH
0x0FF5       [1]    TABLAT
0x0FF6       [1]    TBLPTRL
0x0FF7       [1]    TBLPTRH
0x0FF8       [1]    TBLPTRU
//** Constants locations ** 
//ADDRESS    SIZE    CONSTANT
//----------------------------------------------
0x045E      [54]    ?ICS_letters
0x0494      [16]    ?ICSmain_sexshop_L0
